<html>
<head>
<title>TestNG:  DemoStoreApp</title>
<link href="../testng.css" rel="stylesheet" type="text/css" />
<link href="../my-testng.css" rel="stylesheet" type="text/css" />

<style type="text/css">
.log { display: none;} 
.stack-trace { display: none;} 
</style>
<script type="text/javascript">
<!--
function flip(e) {
  current = e.style.display;
  if (current == 'block') {
    e.style.display = 'none';
    return 0;
  }
  else {
    e.style.display = 'block';
    return 1;
  }
}

function toggleBox(szDivId, elem, msg1, msg2)
{
  var res = -1;  if (document.getElementById) {
    res = flip(document.getElementById(szDivId));
  }
  else if (document.all) {
    // this is the way old msie versions work
    res = flip(document.all[szDivId]);
  }
  if(elem) {
    if(res == 0) elem.innerHTML = msg1; else elem.innerHTML = msg2;
  }

}

function toggleAllBoxes() {
  if (document.getElementsByTagName) {
    d = document.getElementsByTagName('div');
    for (i = 0; i < d.length; i++) {
      if (d[i].className == 'log') {
        flip(d[i]);
      }
    }
  }
}

// -->
</script>

</head>
<body>
<h2 align='center'>DemoStoreApp</h2><table border='1' align="center">
<tr>
<td>Tests passed/Failed/Skipped:</td><td>12/1/0</td>
</tr><tr>
<td>Started on:</td><td>Mon Aug 05 19:59:02 IST 2024</td>
</tr>
<tr><td>Total time:</td><td>546 seconds (546220 ms)</td>
</tr><tr>
<td>Included groups:</td><td></td>
</tr><tr>
<td>Excluded groups:</td><td></td>
</tr>
</table><p/>
<small><i>(Hover the method name to see the test class name)</i></small><p/>
<table width='100%' border='1' class='invocation-failed'>
<tr><td colspan='4' align='center'><b>FAILED TESTS</b></td></tr>
<tr><td><b>Test method</b></td>
<td><b>Attribute(s)</b></td>
<td width="30%"><b>Exception</b></td>
<td width="10%"><b>Time (seconds)</b></td>
<td><b>Instance</b></td>
</tr>
<tr>
<td title='org.demoStore.runner.Runner.runScenario()'><b>runScenario</b><br>Test class: org.demoStore.runner.Runner<br>Test method: Runs Cucumber Scenarios<br>Parameters: "User searches a product", "User searches for a product in demo store application"</td>
<td><div><pre>org.openqa.selenium.StaleElementReferenceException: stale element reference: stale element not found in the current frame
  (Session info: MicrosoftEdge=127.0.2651.86)
For documentation on this error, please visit: https://www.selenium.dev/documentation/webdriver/troubleshooting/errors#stale-element-reference-exception
Build info: version: &apos;4.22.0&apos;, revision: &apos;c5f3146703*&apos;
System info: os.name: &apos;Windows 11&apos;, os.arch: &apos;amd64&apos;, os.version: &apos;10.0&apos;, java.version: &apos;22.0.1&apos;
Driver info: org.openqa.selenium.edge.EdgeDriver
Command: [38bed5cefbffdc0b1a364a5293b73a74, getElementText {id=f.65DBB2906B059C5C6A6B7CA5EC0DF365.d.4283C184EB96A31F99A61BA6E560E335.e.60}]
Capabilities {acceptInsecureCerts: false, browserName: MicrosoftEdge, browserVersion: 127.0.2651.86, fedcm:accounts: true, ms:edgeOptions: {debuggerAddress: localhost:51014}, msedge: {msedgedriverVersion: 127.0.2651.86 (ac31d8b82969..., userDataDir: C:\Users\admin\AppData\Loca...}, networkConnectionEnabled: false, pageLoadStrategy: normal, platformName: windows, proxy: Proxy(), se:cdp: ws://localhost:51014/devtoo..., se:cdpVersion: 127.0.2651.86, setWindowRect: true, strictFileInteractability: false, timeouts: {implicit: 0, pageLoad: 300000, script: 30000}, unhandledPromptBehavior: dismiss and notify, webauthn:extension:credBlob: true, webauthn:extension:largeBlob: true, webauthn:extension:minPinLength: true, webauthn:extension:prf: true, webauthn:virtualAuthenticators: true}
Element: [[EdgeDriver: MicrosoftEdge on windows (38bed5cefbffdc0b1a364a5293b73a74)] -&gt; xpath: //span[contains(@class,&apos;logged-in&apos;)]]
Session ID: 38bed5cefbffdc0b1a364a5293b73a74
	at org.openqa.selenium.remote.ErrorCodec.decode(ErrorCodec.java:167)
	at org.openqa.selenium.remote.codec.w3c.W3CHttpResponseCodec.decode(W3CHttpResponseCodec.java:138)
	at org.openqa.selenium.remote.codec.w3c.W3CHttpResponseCodec.decode(W3CHttpResponseCodec.java:50)
	at org.openqa.selenium.remote.HttpCommandExecutor.execute(HttpCommandExecutor.java:190)
	at org.openqa.selenium.remote.service.DriverCommandExecutor.invokeExecute(DriverCommandExecutor.java:216)
	at org.openqa.selenium.remote.service.DriverCommandExecutor.execute(DriverCommandExecutor.java:174)
	at org.openqa.selenium.remote.RemoteWebDriver.execute(RemoteWebDriver.java:518)
	at org.openqa.selenium.remote.RemoteWebElement.execute(RemoteWebElement.java:223)
	at org.openqa.selenium.remote.RemoteWebElement.getText(RemoteWebElement.java:191)
	at org.openqa.selenium.support.pagefactory.internal.LocatingElementHandler.invoke(LocatingElementHandler.java:51)
	at jdk.proxy2/jdk.proxy2.$Proxy41.getText(Unknown Source)
	at org.demoStore.pages.HomePage.getWelcomeMessage(HomePage.java:70)
	at org.demoStore.stepDefinitions.SearchProductStepDef.user_was_redirected_back_to_home_page(SearchProductStepDef.java:46)
	at ✽.user was redirected back to home page(file:///D:/d/eclipse-workspace/DemoStoreTestng/src/test/resources/features/searchProduct.feature:10)
... Removed 5 stack frames</pre></div><a href='#' onClick='toggleBox("stack-trace926218437", this, "Click to show all stack frames", "Click to hide stack frames")'>Click to show all stack frames</a>
<div class='stack-trace' id='stack-trace926218437'><pre>org.openqa.selenium.StaleElementReferenceException: stale element reference: stale element not found in the current frame
  (Session info: MicrosoftEdge=127.0.2651.86)
For documentation on this error, please visit: https://www.selenium.dev/documentation/webdriver/troubleshooting/errors#stale-element-reference-exception
Build info: version: &apos;4.22.0&apos;, revision: &apos;c5f3146703*&apos;
System info: os.name: &apos;Windows 11&apos;, os.arch: &apos;amd64&apos;, os.version: &apos;10.0&apos;, java.version: &apos;22.0.1&apos;
Driver info: org.openqa.selenium.edge.EdgeDriver
Command: [38bed5cefbffdc0b1a364a5293b73a74, getElementText {id=f.65DBB2906B059C5C6A6B7CA5EC0DF365.d.4283C184EB96A31F99A61BA6E560E335.e.60}]
Capabilities {acceptInsecureCerts: false, browserName: MicrosoftEdge, browserVersion: 127.0.2651.86, fedcm:accounts: true, ms:edgeOptions: {debuggerAddress: localhost:51014}, msedge: {msedgedriverVersion: 127.0.2651.86 (ac31d8b82969..., userDataDir: C:\Users\admin\AppData\Loca...}, networkConnectionEnabled: false, pageLoadStrategy: normal, platformName: windows, proxy: Proxy(), se:cdp: ws://localhost:51014/devtoo..., se:cdpVersion: 127.0.2651.86, setWindowRect: true, strictFileInteractability: false, timeouts: {implicit: 0, pageLoad: 300000, script: 30000}, unhandledPromptBehavior: dismiss and notify, webauthn:extension:credBlob: true, webauthn:extension:largeBlob: true, webauthn:extension:minPinLength: true, webauthn:extension:prf: true, webauthn:virtualAuthenticators: true}
Element: [[EdgeDriver: MicrosoftEdge on windows (38bed5cefbffdc0b1a364a5293b73a74)] -&gt; xpath: //span[contains(@class,&apos;logged-in&apos;)]]
Session ID: 38bed5cefbffdc0b1a364a5293b73a74
	at java.base/jdk.internal.reflect.DirectConstructorHandleAccessor.newInstance(DirectConstructorHandleAccessor.java:62)
	at java.base/java.lang.reflect.Constructor.newInstanceWithCaller(Constructor.java:502)
	at java.base/java.lang.reflect.Constructor.newInstance(Constructor.java:486)
	at org.openqa.selenium.remote.ErrorCodec.decode(ErrorCodec.java:167)
	at org.openqa.selenium.remote.codec.w3c.W3CHttpResponseCodec.decode(W3CHttpResponseCodec.java:138)
	at org.openqa.selenium.remote.codec.w3c.W3CHttpResponseCodec.decode(W3CHttpResponseCodec.java:50)
	at org.openqa.selenium.remote.HttpCommandExecutor.execute(HttpCommandExecutor.java:190)
	at org.openqa.selenium.remote.service.DriverCommandExecutor.invokeExecute(DriverCommandExecutor.java:216)
	at org.openqa.selenium.remote.service.DriverCommandExecutor.execute(DriverCommandExecutor.java:174)
	at org.openqa.selenium.remote.RemoteWebDriver.execute(RemoteWebDriver.java:518)
	at org.openqa.selenium.remote.RemoteWebElement.execute(RemoteWebElement.java:223)
	at org.openqa.selenium.remote.RemoteWebElement.getText(RemoteWebElement.java:191)
	at java.base/jdk.internal.reflect.DirectMethodHandleAccessor.invoke(DirectMethodHandleAccessor.java:103)
	at java.base/java.lang.reflect.Method.invoke(Method.java:580)
	at org.openqa.selenium.support.pagefactory.internal.LocatingElementHandler.invoke(LocatingElementHandler.java:51)
	at jdk.proxy2/jdk.proxy2.$Proxy41.getText(Unknown Source)
	at org.demoStore.pages.HomePage.getWelcomeMessage(HomePage.java:70)
	at org.demoStore.stepDefinitions.SearchProductStepDef.user_was_redirected_back_to_home_page(SearchProductStepDef.java:46)
	at ✽.user was redirected back to home page(file:///D:/d/eclipse-workspace/DemoStoreTestng/src/test/resources/features/searchProduct.feature:10)
</pre></div></td>
<td>33</td>
<td>org.demoStore.runner.Runner@5efa40fe</td></tr>
</table><p>
<table width='100%' border='1' class='invocation-passed'>
<tr><td colspan='4' align='center'><b>PASSED TESTS</b></td></tr>
<tr><td><b>Test method</b></td>
<td><b>Attribute(s)</b></td>
<td width="30%"><b>Exception</b></td>
<td width="10%"><b>Time (seconds)</b></td>
<td><b>Instance</b></td>
</tr>
<tr>
<td title='org.demoStore.runner.Runner.runScenario()'><b>runScenario</b><br>Test class: org.demoStore.runner.Runner<br>Test method: Runs Cucumber Scenarios<br>Parameters: "User registers with all fields", "User creates an account in demo store application"</td>
<td></td>
<td>50</td>
<td>org.demoStore.runner.Runner@5efa40fe</td></tr>
<tr>
<td title='org.demoStore.runner.Runner.runScenario()'><b>runScenario</b><br>Test class: org.demoStore.runner.Runner<br>Test method: Runs Cucumber Scenarios<br>Parameters: "User registers with empty credentials", "User creates an account in demo store application"</td>
<td></td>
<td>33</td>
<td>org.demoStore.runner.Runner@5efa40fe</td></tr>
<tr>
<td title='org.demoStore.runner.Runner.runScenario()'><b>runScenario</b><br>Test class: org.demoStore.runner.Runner<br>Test method: Runs Cucumber Scenarios<br>Parameters: "User registers with invalid data", "User creates an account in demo store application"</td>
<td></td>
<td>34</td>
<td>org.demoStore.runner.Runner@5efa40fe</td></tr>
<tr>
<td title='org.demoStore.runner.Runner.runScenario()'><b>runScenario</b><br>Test class: org.demoStore.runner.Runner<br>Test method: Runs Cucumber Scenarios<br>Parameters: "User logins with invalid credentials", "User login to demo store application"</td>
<td></td>
<td>29</td>
<td>org.demoStore.runner.Runner@5efa40fe</td></tr>
<tr>
<td title='org.demoStore.runner.Runner.runScenario()'><b>runScenario</b><br>Test class: org.demoStore.runner.Runner<br>Test method: Runs Cucumber Scenarios<br>Parameters: "User checks orders in the store", "User checks his/her orders in demo store application"</td>
<td></td>
<td>56</td>
<td>org.demoStore.runner.Runner@5efa40fe</td></tr>
<tr>
<td title='org.demoStore.runner.Runner.runScenario()'><b>runScenario</b><br>Test class: org.demoStore.runner.Runner<br>Test method: Runs Cucumber Scenarios<br>Parameters: "User registers with invalid data", "User creates an account in demo store application"</td>
<td></td>
<td>34</td>
<td>org.demoStore.runner.Runner@5efa40fe</td></tr>
<tr>
<td title='org.demoStore.runner.Runner.runScenario()'><b>runScenario</b><br>Test class: org.demoStore.runner.Runner<br>Test method: Runs Cucumber Scenarios<br>Parameters: "User logins with invalid credentials", "User login to demo store application"</td>
<td></td>
<td>23</td>
<td>org.demoStore.runner.Runner@5efa40fe</td></tr>
<tr>
<td title='org.demoStore.runner.Runner.runScenario()'><b>runScenario</b><br>Test class: org.demoStore.runner.Runner<br>Test method: Runs Cucumber Scenarios<br>Parameters: "User logins with valid credentials", "User login to demo store application"</td>
<td></td>
<td>33</td>
<td>org.demoStore.runner.Runner@5efa40fe</td></tr>
<tr>
<td title='org.demoStore.runner.Runner.runScenario()'><b>runScenario</b><br>Test class: org.demoStore.runner.Runner<br>Test method: Runs Cucumber Scenarios<br>Parameters: "User buys a product", "User buys a product in demo store application"</td>
<td></td>
<td>115</td>
<td>org.demoStore.runner.Runner@5efa40fe</td></tr>
<tr>
<td title='org.demoStore.runner.Runner.runScenario()'><b>runScenario</b><br>Test class: org.demoStore.runner.Runner<br>Test method: Runs Cucumber Scenarios<br>Parameters: "User logins with invalid credentials", "User login to demo store application"</td>
<td></td>
<td>31</td>
<td>org.demoStore.runner.Runner@5efa40fe</td></tr>
<tr>
<td title='org.demoStore.runner.Runner.runScenario()'><b>runScenario</b><br>Test class: org.demoStore.runner.Runner<br>Test method: Runs Cucumber Scenarios<br>Parameters: "User logins with invalid credentials", "User login to demo store application"</td>
<td></td>
<td>29</td>
<td>org.demoStore.runner.Runner@5efa40fe</td></tr>
<tr>
<td title='org.demoStore.runner.Runner.runScenario()'><b>runScenario</b><br>Test class: org.demoStore.runner.Runner<br>Test method: Runs Cucumber Scenarios<br>Parameters: "User logins with empty credentials", "User login to demo store application"</td>
<td></td>
<td>32</td>
<td>org.demoStore.runner.Runner@5efa40fe</td></tr>
</table><p>
</body>
</html>